<?xml version="1.0" encoding="UTF-8"?>
<testsuite name="models.UserTest" tests="7" skipped="0" failures="0" errors="0" timestamp="2022-01-16T13:04:21" hostname="fiona-ThinkPad-T460s" time="0.004">
  <properties/>
  <testcase name="setPositionSetsCorrectPosition" classname="models.UserTest" time="0.002"/>
  <testcase name="getDepartmentReturnsCorrectDepartment" classname="models.UserTest" time="0.0"/>
  <testcase name="getRoleReturnsCorrectRole" classname="models.UserTest" time="0.0"/>
  <testcase name="setRoleSetsCorrectRole" classname="models.UserTest" time="0.0"/>
  <testcase name="getPositionReturnsCorrectPosition" classname="models.UserTest" time="0.0"/>
  <testcase name="getNameReturnsCorrectName" classname="models.UserTest" time="0.0"/>
  <testcase name="setNameSetsCorrectName" classname="models.UserTest" time="0.0"/>
  <system-out><![CDATA[]]></system-out>
  <system-err><![CDATA[]]></system-err>
</testsuite>
