<?xml version="1.0" encoding="UTF-8"?>
<testsuite name="models.DepartmentsTest" tests="1" skipped="0" failures="0" errors="0" timestamp="2022-01-15T07:05:11" hostname="fiona-ThinkPad-T460s" time="0.001">
  <properties/>
  <testcase name="setAllEmployees" classname="models.DepartmentsTest" time="0.001"/>
  <system-out><![CDATA[]]></system-out>
  <system-err><![CDATA[]]></system-err>
</testsuite>
