<?xml version="1.0" encoding="UTF-8"?>
<testsuite name="dao.Sql2oDepartmentDaoTest" tests="4" skipped="0" failures="0" errors="0" timestamp="2022-01-17T12:54:24" hostname="fiona-ThinkPad-T460s" time="0.569">
  <properties/>
  <testcase name="getAll" classname="dao.Sql2oDepartmentDaoTest" time="0.092"/>
  <testcase name="clearAll" classname="dao.Sql2oDepartmentDaoTest" time="0.137"/>
  <testcase name="getAllNewsForADepartmentReturnsNewsCorrectly" classname="dao.Sql2oDepartmentDaoTest" time="0.213"/>
  <testcase name="deleteById" classname="dao.Sql2oDepartmentDaoTest" time="0.127"/>
  <system-out><![CDATA[clearing database
clearing database
from dao The Eruption
from dao Climate Spike
clearing database
clearing database
connection closed
]]></system-out>
  <system-err><![CDATA[]]></system-err>
</testsuite>
