<?xml version="1.0" encoding="UTF-8"?>
<testsuite name="dao.Sql2oUserDaoTest" tests="4" skipped="0" failures="0" errors="0" timestamp="2022-01-17T15:56:09" hostname="fiona-ThinkPad-T460s" time="0.919">
  <properties/>
  <testcase name="getAll" classname="dao.Sql2oUserDaoTest" time="0.354"/>
  <testcase name="getAllUsersForADepartment" classname="dao.Sql2oUserDaoTest" time="0.228"/>
  <testcase name="clearAll" classname="dao.Sql2oUserDaoTest" time="0.158"/>
  <testcase name="deleteById" classname="dao.Sql2oUserDaoTest" time="0.176"/>
  <system-out><![CDATA[clearing database
clearing database
clearing database
clearing database
connection closed
]]></system-out>
  <system-err><![CDATA[]]></system-err>
</testsuite>
