<?xml version="1.0" encoding="UTF-8"?>
<testsuite name="dao.Sql2oNewsDaoTest" tests="4" skipped="0" failures="0" errors="0" timestamp="2022-01-17T12:54:24" hostname="fiona-ThinkPad-T460s" time="0.633">
  <properties/>
  <testcase name="getAll" classname="dao.Sql2oNewsDaoTest" time="0.131"/>
  <testcase name="clearAll" classname="dao.Sql2oNewsDaoTest" time="0.147"/>
  <testcase name="addNewsToDepartment" classname="dao.Sql2oNewsDaoTest" time="0.226"/>
  <testcase name="deleteById" classname="dao.Sql2oNewsDaoTest" time="0.127"/>
  <system-out><![CDATA[clearing database
clearing database
clearing database
clearing database
connection closed
]]></system-out>
  <system-err><![CDATA[]]></system-err>
</testsuite>
