<?xml version="1.0" encoding="UTF-8"?>
<testsuite name="dao.Sql2oNewsDaoTest" tests="4" skipped="0" failures="0" errors="0" timestamp="2022-01-17T15:56:10" hostname="fiona-ThinkPad-T460s" time="0.639">
  <properties/>
  <testcase name="getAll" classname="dao.Sql2oNewsDaoTest" time="0.141"/>
  <testcase name="clearAll" classname="dao.Sql2oNewsDaoTest" time="0.125"/>
  <testcase name="addNewsToDepartment" classname="dao.Sql2oNewsDaoTest" time="0.222"/>
  <testcase name="deleteById" classname="dao.Sql2oNewsDaoTest" time="0.129"/>
  <system-out><![CDATA[clearing database
clearing database
clearing database
clearing database
connection closed
]]></system-out>
  <system-err><![CDATA[]]></system-err>
</testsuite>
