<?xml version="1.0" encoding="UTF-8"?>
<testsuite name="models.UserTest" tests="1" skipped="0" failures="0" errors="0" timestamp="2022-01-16T10:39:15" hostname="fiona-ThinkPad-T460s" time="0.001">
  <properties/>
  <testcase name="user_namesAreEqual_true" classname="models.UserTest" time="0.001"/>
  <system-out><![CDATA[]]></system-out>
  <system-err><![CDATA[]]></system-err>
</testsuite>
